<?xml version="1.0" encoding="UTF-8"?>
<!-- Generated by org.testng.reporters.JUnitReportReporter -->
<testsuite hostname="EPINBANW0730" failures="0" tests="3" name="com.example.CalculatorTest" time="0.065" errors="0" timestamp="2024-06-27T10:32:31 IST" skipped="0">
  <testcase classname="com.example.CalculatorTest" name="testDivideByZero" time="0.004"/>
  <system-out/>
  <testcase classname="com.example.CalculatorTest" name="testMultiply" time="0.002"/>
  <system-out/>
  <testcase classname="com.example.CalculatorTest" name="testDivide" time="0.059"/>
  <system-out/>
</testsuite> <!-- com.example.CalculatorTest -->
