<?xml version="1.0" encoding="UTF-8"?>
<!-- Generated by org.testng.reporters.JUnitReportReporter -->
<testsuite hostname="EPINBANW0730" failures="0" tests="5" name="com.example.CalculatorTest" time="0.011" errors="0" timestamp="2024-06-27T10:27:03 IST" skipped="0">
  <testcase classname="com.example.CalculatorTest" name="testMultiply" time="0.001"/>
  <system-out/>
  <testcase classname="com.example.CalculatorTest" name="testSubtract" time="0.001"/>
  <system-out/>
  <testcase classname="com.example.CalculatorTest" name="testDivide" time="0.006"/>
  <system-out/>
  <testcase classname="com.example.CalculatorTest" name="testDivideByZero" time="0.000"/>
  <system-out/>
  <testcase classname="com.example.CalculatorTest" name="testAdd" time="0.003"/>
  <system-out/>
</testsuite> <!-- com.example.CalculatorTest -->
